make.exe all --print-data-base --no-builtin-variables --no-builtin-rules --question
make.exe: *** No rule to make target 'all'.  Stop.

# GNU Make 4.2.1
# Built for x86_64-w64-mingw32
# Copyright (C) 1988-2016 Free Software Foundation, Inc.
# License GPLv3+: GNU GPL version 3 or later <http://gnu.org/licenses/gpl.html>
# This is free software: you are free to change and redistribute it.
# There is NO WARRANTY, to the extent permitted by law.

# Make data base, printed on Sat Jul 09 04:08:15 2022

# Variables

# 'override' directive
GNUMAKEFLAGS := 
# automatic
<D = $(patsubst %/,%,$(patsubst %\,%,$(dir $<)))
# automatic
?F = $(notdir $?)
# default
.SHELLFLAGS := -c
# makefile
MAKEFLAGS = pqrR
# automatic
?D = $(patsubst %/,%,$(patsubst %\,%,$(dir $?)))
# automatic
@D = $(patsubst %/,%,$(patsubst %\,%,$(dir $@)))
# environment
HOMEDRIVE = C:
# automatic
@F = $(notdir $@)
# automatic
^D = $(patsubst %/,%,$(patsubst %\,%,$(dir $^)))
# makefile
CURDIR := f:/Source/car/car
# default
SHELL := sh.exe
# environment
CLION = D:\Code\JetBrains\CLion 2021.2.3\bin;C:\MinGW\mingw64\bin;
# environment
OA_PLUGIN_PATH = D:\Cadence\SP\Share\oaPlugIns
# environment
WINDIR = C:\WINDOWS
# environment
VSCODE_NLS_CONFIG = {"locale":"zh-cn","availableLanguages":{"*":"zh-cn"},"_languagePackId":"bbca1a7059cee8a1b93da8947fee1c4f.zh-cn","_translationsConfigFile":"C:\\Users\\12bad\\AppData\\Roaming\\Code\\clp\\bbca1a7059cee8a1b93da8947fee1c4f.zh-cn\\tcf.json","_cacheRoot":"C:\\Users\\12bad\\AppData\\Roaming\\Code\\clp\\bbca1a7059cee8a1b93da8947fee1c4f.zh-cn","_resolvedLanguagePackCoreLocation":"C:\\Users\\12bad\\AppData\\Roaming\\Code\\clp\\bbca1a7059cee8a1b93da8947fee1c4f.zh-cn\\92d25e35d9bf1a6b16f7d0758f25d48ace11e5b9","_corruptedFile":"C:\\Users\\12bad\\AppData\\Roaming\\Code\\clp\\bbca1a7059cee8a1b93da8947fee1c4f.zh-cn\\corrupted.info","_languagePackSupport":true}
# environment
PYCHARM COMMUNITY EDITION = D:\Code\JetBrains\PyCharm Community Edition 2021.2.3\bin;
# environment
ONEDRIVE = F:\OneDrive
# environment
WEBOTS_HOME = D:\Webots
# environment
PUBLIC = C:\Users\Public
# environment
PATHEXT = .COM;.EXE;.BAT;.CMD;.VBS;.VBE;.JS;.JSE;.WSF;.WSH;.MSC;.PY;.PYW
# makefile
MAKEFILE_LIST := 
# environment
TMP = C:\Users\12bad\AppData\Local\Temp
# environment
PROGRAMW6432 = C:\Program Files
# environment
PROGRAMDATA = C:\ProgramData
# environment
CDSROOT = D:\Cadence\SP
# environment
VSCODE_CWD = D:\Code\Microsoft VS Code
# environment
CDS_LIC_ONLY = 1
# default
MAKE_HOST := x86_64-w64-mingw32
# environment
PATH = D:\Code\AiThinkerIDE_V1.0\msys32\opt\arm-nono-eabi-gcc\bin;D:\Code\AiThinkerIDE_V1.0\msys32\opt\xtensa-lx106-elf\bin;D:\Code\AiThinkerIDE_V1.0\msys32\opt\xtensa-esp32-elf\bin;E:\AiThinkerIDE_V1.0\msys32\mingw32\bin;E:\AiThinkerIDE_V1.0\msys32\usr\bin;E:\AiThinkerIDE_V1.0\eclipse\eclipse.exe;C:\Program Files (x86)\Common Files\Oracle\Java\javapath;D:\Python\Scripts\;D:\Python\;C:\Program Files (x86)\NVIDIA Corporation\PhysX\Common;D:\Basic\py\Scripts\;D:\Basic\py\;C:\WINDOWS\system32;C:\WINDOWS;C:\WINDOWS\System32\Wbem;C:\WINDOWS\System32\WindowsPowerShell\v1.0\;C:\WINDOWS\System32\OpenSSH\;C:\Program Files\dotnet\;D:\Cadence\SP\tools\pcb\bin;D:\Cadence\SP\tools\bin;D:\Cadence\SP\tools\libutil\bin;D:\Cadence\SP\tools\fet\bin;D:\Cadence\SP\tools\specctra\bin;D:\Cadence\SP\tools\pspice;D:\Cadence\SP\tools\capture;D:\Cadence\SP\openaccess\bin\win32\opt;C:\Program Files (x86)\Windows Kits\8.1\Windows Performance Toolkit\;D:\MATLAB\runtime\win64;D:\MATLAB\bin;D:\MATLAB\polyspace\bin;D:\Git\cmd;C:\ProgramData\chocolatey\bin;C:\Users\12bad\AppData\Local\Microsoft\WindowsApps;D:\Code\Microsoft VS Code\bin;D:\Code\JetBrains\PyCharm Community Edition 2021.2.3\bin;D:\Code\JetBrains\IntelliJ IDEA Community Edition 2021.2.3\bin;D:\Code\JetBrains\CLion 2021.2.3\bin;C:\MinGW\mingw64\bin;D:\Bandizip\;C:\Users\12bad\.dotnet\tools;C:\Program Files\Docker\Docker\resources\bin;C:\ProgramData\DockerDesktop\version-bin;D:\Graphviz\bin;D:\Code\CMake\bin;C:\Program Files (x86)\Arm GNU Toolchain arm-none-eabi\11.2 2022.02\bin;C:\Users\12bad\AppData\Local\Microsoft\WindowsApps;D:\Code\Microsoft VS Code\bin;D:\Code\JetBrains\PyCharm Community Edition 2021.2.3\bin;;D:\Code\JetBrains\IntelliJ IDEA Community Edition 2021.2.3\bin;;D:\Code\JetBrains\CLion 2021.2.3\bin;C:\MinGW\mingw64\bin;;D:\Bandizip\;C:\Users\12bad\.dotnet\tools
# environment
SW_SIM_HYDRA = C:\Program Files\Common Files\SolidWorks Shared\Simulation Worker Agent\
# environment
COMMONPROGRAMW6432 = C:\Program Files\Common Files
# environment
CONCEPT_INST_DIR = D:\Cadence\SP
# environment
CHOCOLATEYLASTPATHUPDATE = 132850945803274883
# environment
PROCESSOR_ARCHITECTURE = AMD64
# environment
USERPROFILE = C:\Users\12bad
# environment
CHOCOLATEYINSTALL = C:\ProgramData\chocolatey
# environment
ALLUSERSPROFILE = C:\ProgramData
# environment
NUMBER_OF_PROCESSORS = 12
# environment
ELECTRON_RUN_AS_NODE = 1
# default
.FEATURES := target-specific order-only second-expansion else-if shortest-stem undefine oneshell archives jobserver output-sync
# environment
HOME = D:\Cadence\SPBData
# automatic
%F = $(notdir $%)
# environment
CHROME_CRASHPAD_PIPE_NAME = \\.\pipe\crashpad_14256_ZHCEXAUBXEEXBAXF
# environment
CHDL_LIB_INST_DIR = D:\Cadence\SP
# environment
COMPUTERNAME = DESKTOP-VJ93EB0
# environment
PROGRAMFILES = C:\Program Files
# default
.LOADED := 
# environment
DRIVERDATA = C:\Windows\System32\Drivers\DriverData
# environment
ORIGINAL_XDG_CURRENT_DESKTOP = undefined
# environment
USERNAME = 12bad
# environment
KMP_DUPLICATE_LIB_OK = TRUE
# environment
VSCODE_AMD_ENTRYPOINT = vs/workbench/api/node/extensionHostProcess
# environment
BESIEGE_UNITY_ASSEMBLIES = E:/SteamLibrary/steamapps/common/Besiege/Besiege_Data\Managed/
# environment
VSCODE_CODE_CACHE_PATH = C:\Users\12bad\AppData\Roaming\Code\CachedData\92d25e35d9bf1a6b16f7d0758f25d48ace11e5b9
# environment
APPLICATION_INSIGHTS_NO_DIAGNOSTIC_CHANNEL = 1
# environment
COMMONPROGRAMFILES = C:\Program Files\Common Files
# environment
LOGONSERVER = \\DESKTOP-VJ93EB0
# environment
CDS_LIC_FILE = 5280@DESKTOP-VJ93EB0
# environment
ONEDRIVECONSUMER = F:\OneDrive
# environment
VSCODE_HANDLES_UNCAUGHT_ERRORS = true
# environment
USERDOMAIN = DESKTOP-VJ93EB0
# environment
MAKELEVEL := 0
# environment
INTELLIJ IDEA COMMUNITY EDITION = D:\Code\JetBrains\IntelliJ IDEA Community Edition 2021.2.3\bin;
# default
MAKE = $(MAKE_COMMAND)
# default
MAKECMDGOALS := all
# default
MAKE_VERSION := 4.2.1
# makefile
.DEFAULT_GOAL := 
# environment
PROGRAMFILES(X86) = C:\Program Files (x86)
# automatic
%D = $(patsubst %/,%,$(patsubst %\,%,$(dir $%)))
# environment
LOCALAPPDATA = C:\Users\12bad\AppData\Local
# environment
PSMODULEPATH = C:\Program Files\WindowsPowerShell\Modules;C:\WINDOWS\system32\WindowsPowerShell\v1.0\Modules
# default
MAKE_COMMAND := make.exe
# default
.VARIABLES := 
# automatic
*F = $(notdir $*)
# environment
PROCESSOR_IDENTIFIER = Intel64 Family 6 Model 165 Stepping 3, GenuineIntel
# environment
OS = Windows_NT
# environment
VSCODE_IPC_HOOK = \\.\pipe\1dbb9c637359f7bc7af8f002bba8423d-1.69.0-main-sock
# environment
HOMEPATH = \Users\12bad
# environment
COMMONPROGRAMFILES(X86) = C:\Program Files (x86)\Common Files
# environment
PROMPT = $P$G
# environment
MFLAGS = -pqrR
# automatic
*D = $(patsubst %/,%,$(patsubst %\,%,$(dir $*)))
# environment
SYSTEMROOT = C:\WINDOWS
# automatic
+D = $(patsubst %/,%,$(patsubst %\,%,$(dir $+)))
# automatic
+F = $(notdir $+)
# environment
APPDATA = C:\Users\12bad\AppData\Roaming
# environment
__COMPAT_LAYER = DetectorsAppHealth
# environment
TEMP = C:\Users\12bad\AppData\Local\Temp
# environment
BESIEGE_GAME_ASSEMBLIES = E:/SteamLibrary/steamapps/common/Besiege/Besiege_Data\Managed/
# environment
COMSPEC = C:\WINDOWS\system32\cmd.exe
# default
MAKEFILES := 
# automatic
<F = $(notdir $<)
# environment
MKL_SERIAL = YES
# environment
LC_ALL = C
# environment
SW_SIM_TEMP = C:\ProgramData\SOLIDWORKS\SW_net_sim_temp\
# automatic
^F = $(notdir $^)
# default
SUFFIXES := 
# environment
SYSTEMDRIVE = C:
# environment
SESSIONNAME = Console
# environment
PROCESSOR_REVISION = a503
# environment
SW_SIM_MPIT = INTELMPI
# default
.RECIPEPREFIX := 
# environment
LANG = C
# environment
PROCESSOR_LEVEL = 6
# environment
VSCODE_PID = 14256
# environment
USERDOMAIN_ROAMINGPROFILE = DESKTOP-VJ93EB0
# variable set hash-table stats:
# Load=107/1024=10%, Rehash=0, Collisions=18/125=14%

# Pattern-specific Variable Values

# No pattern-specific variable values.

# Directories

# . (key f:/Source/car/car, mtime 1657301164): 11 files, no impossibilities.

# 11 files, no impossibilities in 1 directories.

# Implicit Rules

# No implicit rules.

# Files

# Not a target:
all:
#  Command line target.
#  Implicit rule search has been done.
#  File does not exist.
#  File has not been updated.

# Not a target:
Makefile:
#  Implicit rule search has been done.
#  File does not exist.
#  File has been updated.
#  Failed to be updated.

# Not a target:
makefile:
#  Implicit rule search has been done.
#  File does not exist.
#  File has been updated.
#  Failed to be updated.

# Not a target:
makefile.mak:
#  Implicit rule search has been done.
#  File does not exist.
#  File has been updated.
#  Failed to be updated.

# Not a target:
.DEFAULT:
#  Implicit rule search has not been done.
#  Modification time never checked.
#  File has not been updated.

# Not a target:
GNUmakefile:
#  Implicit rule search has been done.
#  File does not exist.
#  File has been updated.
#  Failed to be updated.

# files hash-table stats:
# Load=7/1024=1%, Rehash=0, Collisions=0/16=0%
# VPATH Search Paths

# No 'vpath' search paths.

# No general ('VPATH' variable) search path.

# strcache buffers: 1 (0) / strings = 18 / storage = 153 B / avg = 8 B
# current buf: size = 8162 B / used = 153 B / count = 18 / avg = 8 B

# strcache performance: lookups = 20 / hit rate = 10%
# hash-table stats:
# Load=18/8192=0%, Rehash=0, Collisions=1/20=5%
# Finished Make data base on Sat Jul 09 04:08:15 2022

 
